#
# A fatal error has been detected by the Java Runtime Environment:
#
#  Internal Error (javaClasses.cpp:136), pid=5000, tid=12552
#  fatal error: Invalid layout of preloaded class
#
# JRE version:  (7.0_45-b18) (build )
# Java VM: Java HotSpot(TM) 64-Bit Server VM (24.45-b08 mixed mode windows-amd64 compressed oops)
# Failed to write core dump. Minidumps are not enabled by default on client versions of Windows
#
# If you would like to submit a bug report, please visit:
#   http://bugreport.sun.com/bugreport/crash.jsp
#

---------------  T H R E A D  ---------------

Current thread (0x00000000024f0800):  JavaThread "Unknown thread" [_thread_in_vm, id=12552, stack(0x00000000023f0000,0x00000000024f0000)]

Stack: [0x00000000023f0000,0x00000000024f0000]

---------------  P R O C E S S  ---------------

Java Threads: ( => current thread )

Other Threads:

=>0x00000000024f0800 (exited) JavaThread "Unknown thread" [_thread_in_vm, id=12552, stack(0x00000000023f0000,0x00000000024f0000)]

VM state:not at safepoint (not fully initialized)

VM Mutex/Monitor currently owned by a thread: None

GC Heap History (0 events):
No events

Deoptimization events (0 events):
No events

Internal exceptions (0 events):
No events

Events (10 events):
Event: 0.007 loading class 0x000000000253ec20 done
Event: 0.008 loading class 0x000000000253e640 done
Event: 0.008 loading class 0x000000000253e620
Event: 0.008 loading class 0x0000000002546720
Event: 0.008 loading class 0x0000000002546720 done
Event: 0.008 loading class 0x0000000002546750
Event: 0.008 loading class 0x0000000002546750 done
Event: 0.008 loading class 0x0000000002546780
Event: 0.008 loading class 0x0000000002546780 done
Event: 0.008 loading class 0x000000000253e620 done


Dynamic libraries:
0x000007f747b90000 - 0x000007f747bc3000 	C:\Program Files\Java\jre7\bin\javaw.exe
0x000007f98f8d0000 - 0x000007f98fa90000 	C:\Windows\SYSTEM32\ntdll.dll
0x000007f98dde0000 - 0x000007f98df16000 	C:\Windows\system32\KERNEL32.DLL
0x000007f98cbc0000 - 0x000007f98ccb3000 	C:\Windows\system32\KERNELBASE.dll
0x000007f98d230000 - 0x000007f98d30e000 	C:\Windows\system32\ADVAPI32.dll
0x000007f98f6a0000 - 0x000007f98f7ec000 	C:\Windows\system32\USER32.dll
0x000007f98a330000 - 0x000007f98a59a000 	C:\Windows\WinSxS\amd64_microsoft.windows.common-controls_6595b64144ccf1df_6.0.9200.16579_none_418ab7ef718b27ef\COMCTL32.dll
0x000007f98d950000 - 0x000007f98d9f5000 	C:\Windows\system32\msvcrt.dll
0x000007f98f650000 - 0x000007f98f698000 	C:\Windows\SYSTEM32\sechost.dll
0x000007f98dc90000 - 0x000007f98ddd5000 	C:\Windows\system32\RPCRT4.dll
0x000007f98cee0000 - 0x000007f98d021000 	C:\Windows\system32\GDI32.dll
0x000007f98e310000 - 0x000007f98e349000 	C:\Windows\system32\IMM32.DLL
0x000007f98d370000 - 0x000007f98d486000 	C:\Windows\system32\MSCTF.dll
0x000007f98c720000 - 0x000007f98c761000 	C:\Windows\system32\nvinitx.dll
0x000000000f000000 - 0x000000000f006000 	C:\Program Files\NVIDIA Corporation\CoProcManager\detoured.dll
0x000007f98a040000 - 0x000007f98a096000 	C:\Program Files\NVIDIA Corporation\CoProcManager\nvd3d9wrapx.dll
0x000007f98df20000 - 0x000007f98e0f0000 	C:\Windows\system32\SETUPAPI.dll
0x000007f98c930000 - 0x000007f98c97f000 	C:\Windows\system32\CFGMGR32.dll
0x000007f98c900000 - 0x000007f98c922000 	C:\Windows\system32\DEVOBJ.dll
0x000007f989fc0000 - 0x000007f989ffd000 	C:\Program Files\NVIDIA Corporation\CoProcManager\nvdxgiwrapx.dll
0x00000000701d0000 - 0x00000000702a2000 	C:\Program Files\Java\jre7\bin\msvcr100.dll
0x000000006fa00000 - 0x00000000701c9000 	C:\Program Files\Java\jre7\bin\server\jvm.dll
0x000007f9803d0000 - 0x000007f9803d9000 	C:\Windows\SYSTEM32\WSOCK32.dll
0x000007f98a790000 - 0x000007f98a7b0000 	C:\Windows\SYSTEM32\WINMM.dll
0x000007f98f8c0000 - 0x000007f98f8c7000 	C:\Windows\system32\PSAPI.DLL
0x000007f98d310000 - 0x000007f98d368000 	C:\Windows\system32\WS2_32.dll
0x000007f98a750000 - 0x000007f98a783000 	C:\Windows\SYSTEM32\WINMMBASE.dll
0x000007f98d940000 - 0x000007f98d949000 	C:\Windows\system32\NSI.dll
0x000000006f9f0000 - 0x000000006f9ff000 	C:\Program Files\Java\jre7\bin\verify.dll
0x000000006f9c0000 - 0x000000006f9e8000 	C:\Program Files\Java\jre7\bin\java.dll
0x000000006f9a0000 - 0x000000006f9b5000 	C:\Program Files\Java\jre7\bin\zip.dll

VM Arguments:
jvm_args: -Dfile.encoding=Cp1252 -Xbootclasspath:C:\Users\rgray\Desktop\Personal\Youth Works\adt-bundle-windows-x86_64-20131030\sdk\platforms\android-16\android.jar 
java_command: org.ryangray.postd.Test
Launcher Type: SUN_STANDARD

Environment Variables:
PATH=C:\Program Files (x86)\NVIDIA Corporation\PhysX\Common;C:\Python27\;C:\Program Files (x86)\Intel\iCLS Client\;C:\Program Files\Intel\iCLS Client\;C:\Windows\system32;C:\Windows;C:\Windows\System32\Wbem;C:\Windows\System32\WindowsPowerShell\v1.0\;C:\Program Files\Intel\Intel(R) Management Engine Components\DAL;C:\Program Files\Intel\Intel(R) Management Engine Components\IPT;C:\Program Files (x86)\Intel\Intel(R) Management Engine Components\DAL;C:\Program Files (x86)\Intel\Intel(R) Management Engine Components\IPT;C:\Program Files (x86)\GNU\GnuPG\pub;C:\Users\rgray\Desktop;;C:\Program Files (x86)\Intel\OpenCL SDK\2.0\bin\x86;C:\Program Files (x86)\Intel\OpenCL SDK\2.0\bin\x64;C:\Program Files (x86)\Windows Live\Shared;C:\Users\rgray\Desktop\Useful\Launchy Shortcuts\Putty Connections\putty.exe;C:\users\rgray\Desktop\Useful\Jobs
USERNAME=rgray
OS=Windows_NT
PROCESSOR_IDENTIFIER=Intel64 Family 6 Model 58 Stepping 9, GenuineIntel



---------------  S Y S T E M  ---------------

OS: Windows 8 , 64 bit Build 9200 

CPU:total 8 (4 cores per cpu, 2 threads per core) family 6 model 58 stepping 9, cmov, cx8, fxsr, mmx, sse, sse2, sse3, ssse3, sse4.1, sse4.2, popcnt, avx, aes, erms, ht, tsc, tscinvbit, tscinv

Memory: 4k page, physical 8242828k(3475404k free), swap 14009996k(7086416k free)

vm_info: Java HotSpot(TM) 64-Bit Server VM (24.45-b08) for windows-amd64 JRE (1.7.0_45-b18), built on Oct  8 2013 05:47:22 by "java_re" with unknown MS VC++:1600

time: Sat Apr 12 12:15:48 2014
elapsed time: 0 seconds

